This is pdfTeX, Version 3.141592653-2.6-1.40.25 (MiKTeX 24.1) (preloaded format=pdflatex 2024.5.9)  9 MAY 2024 10:50
entering extended mode
 restricted \write18 enabled.
 %&-line parsing enabled.
**./main.tex
(main.tex
LaTeX2e <2023-11-01> patch level 1
L3 programming layer <2024-01-04>
(acmart.cls
Document Class: acmart 2018/12/16 v1.57 Typesetting articles for the Associatio
n for Computing Machinery
(C:\Users\thoma\AppData\Local\Programs\MiKTeX\tex/latex/xkeyval\xkeyval.sty
Package: xkeyval 2022/06/16 v2.9 package option processing (HA)

(C:\Users\thoma\AppData\Local\Programs\MiKTeX\tex/generic/xkeyval\xkeyval.tex
(C:\Users\thoma\AppData\Local\Programs\MiKTeX\tex/generic/xkeyval\xkvutils.tex
\XKV@toks=\toks17
\XKV@tempa@toks=\toks18

(C:\Users\thoma\AppData\Local\Programs\MiKTeX\tex/generic/xkeyval\keyval.tex))
\XKV@depth=\count187
File: xkeyval.tex 2014/12/03 v2.7a key=value parser (HA)
)) (C:\Users\thoma\AppData\Local\Programs\MiKTeX\tex/latex/xstring\xstring.sty
(C:\Users\thoma\AppData\Local\Programs\MiKTeX\tex/generic/xstring\xstring.tex
\xs_counta=\count188
\xs_countb=\count189
)
Package: xstring 2023/08/22 v1.86 String manipulations (CT)
)
Package acmart Info: Not using screen mode on input line 73.
Package acmart Info: Requiring acmthm on input line 81.
Package acmart Info: Not using review mode on input line 90.
Package acmart Info: Not using authorversion mode on input line 98.
Package acmart Info: Not using nonacm mode on input line 110.
Package acmart Info: Explicitly selecting natbib mode on input line 122.
Package acmart Info: Not using anonymous mode on input line 130.
Package acmart Info: Not using timestamp mode on input line 138.
Package acmart Info: Not using authordraft mode on input line 148.
Class acmart Info: Using format sigconf, number 4 on input line 157.
Class acmart Info: Using fontsize 9pt on input line 215.
(C:\Users\thoma\AppData\Local\Programs\MiKTeX\tex/latex/amscls\amsart.cls
Document Class: amsart 2020/05/29 v2.20.6
\linespacing=\dimen140
\normalparindent=\dimen141
\normaltopskip=\skip48
(C:\Users\thoma\AppData\Local\Programs\MiKTeX\tex/latex/amsmath\amsmath.sty
Package: amsmath 2023/05/13 v2.17o AMS math features
\@mathmargin=\skip49

For additional information on amsmath, use the `?' option.
(C:\Users\thoma\AppData\Local\Programs\MiKTeX\tex/latex/amsmath\amstext.sty
Package: amstext 2021/08/26 v2.01 AMS text

(C:\Users\thoma\AppData\Local\Programs\MiKTeX\tex/latex/amsmath\amsgen.sty
File: amsgen.sty 1999/11/30 v2.0 generic functions
\@emptytoks=\toks19
\ex@=\dimen142
))
(C:\Users\thoma\AppData\Local\Programs\MiKTeX\tex/latex/amsmath\amsbsy.sty
Package: amsbsy 1999/11/29 v1.2d Bold Symbols
\pmbraise@=\dimen143
)
(C:\Users\thoma\AppData\Local\Programs\MiKTeX\tex/latex/amsmath\amsopn.sty
Package: amsopn 2022/04/08 v2.04 operator names
)
\inf@bad=\count190
LaTeX Info: Redefining \frac on input line 234.
\uproot@=\count191
\leftroot@=\count192
LaTeX Info: Redefining \overline on input line 399.
LaTeX Info: Redefining \colon on input line 410.
\classnum@=\count193
\DOTSCASE@=\count194
LaTeX Info: Redefining \ldots on input line 496.
LaTeX Info: Redefining \dots on input line 499.
LaTeX Info: Redefining \cdots on input line 620.
\Mathstrutbox@=\box51
\strutbox@=\box52
LaTeX Info: Redefining \big on input line 722.
LaTeX Info: Redefining \Big on input line 723.
LaTeX Info: Redefining \bigg on input line 724.
LaTeX Info: Redefining \Bigg on input line 725.
\big@size=\dimen144
LaTeX Font Info:    Redeclaring font encoding OML on input line 743.
LaTeX Font Info:    Redeclaring font encoding OMS on input line 744.
\macc@depth=\count195
LaTeX Info: Redefining \bmod on input line 905.
LaTeX Info: Redefining \pmod on input line 910.
LaTeX Info: Redefining \smash on input line 940.
LaTeX Info: Redefining \relbar on input line 970.
LaTeX Info: Redefining \Relbar on input line 971.
\c@MaxMatrixCols=\count196
\dotsspace@=\muskip16
\c@parentequation=\count197
\dspbrk@lvl=\count198
\tag@help=\toks20
\row@=\count199
\column@=\count266
\maxfields@=\count267
\andhelp@=\toks21
\eqnshift@=\dimen145
\alignsep@=\dimen146
\tagshift@=\dimen147
\tagwidth@=\dimen148
\totwidth@=\dimen149
\lineht@=\dimen150
\@envbody=\toks22
\multlinegap=\skip50
\multlinetaggap=\skip51
\mathdisplay@stack=\toks23
LaTeX Info: Redefining \[ on input line 2953.
LaTeX Info: Redefining \] on input line 2954.
)
LaTeX Font Info:    Trying to load font information for U+msa on input line 397
.

(C:\Users\thoma\AppData\Local\Programs\MiKTeX\tex/latex/amsfonts\umsa.fd
File: umsa.fd 2013/01/14 v3.01 AMS symbols A
)
(C:\Users\thoma\AppData\Local\Programs\MiKTeX\tex/latex/amsfonts\amsfonts.sty
Package: amsfonts 2013/01/14 v3.01 Basic AMSFonts support
\symAMSa=\mathgroup4
\symAMSb=\mathgroup5
LaTeX Font Info:    Redeclaring math symbol \hbar on input line 98.
LaTeX Font Info:    Overwriting math alphabet `\mathfrak' in version `bold'
(Font)                  U/euf/m/n --> U/euf/b/n on input line 106.
)
\copyins=\insert252
\abstractbox=\box53
\listisep=\skip52
\c@part=\count268
\c@section=\count269
\c@subsection=\count270
\c@subsubsection=\count271
\c@paragraph=\count272
\c@subparagraph=\count273
\c@figure=\count274
\c@table=\count275
\abovecaptionskip=\skip53
\belowcaptionskip=\skip54
\captionindent=\dimen151
\thm@style=\toks24
\thm@bodyfont=\toks25
\thm@headfont=\toks26
\thm@notefont=\toks27
\thm@headpunct=\toks28
\thm@preskip=\skip55
\thm@postskip=\skip56
\thm@headsep=\skip57
\dth@everypar=\toks29
)
(C:\Users\thoma\AppData\Local\Programs\MiKTeX\tex/latex/microtype\microtype.sty
Package: microtype 2024/03/29 v3.1b Micro-typographical refinements (RS)
(C:\Users\thoma\AppData\Local\Programs\MiKTeX\tex/latex/etoolbox\etoolbox.sty
Package: etoolbox 2020/10/05 v2.5k e-TeX tools for LaTeX (JAW)
\etb@tempcnta=\count276
)
\MT@toks=\toks30
\MT@tempbox=\box54
\MT@count=\count277
LaTeX Info: Redefining \noprotrusionifhmode on input line 1061.
LaTeX Info: Redefining \leftprotrusion on input line 1062.
\MT@prot@toks=\toks31
LaTeX Info: Redefining \rightprotrusion on input line 1081.
LaTeX Info: Redefining \textls on input line 1392.
\MT@outer@kern=\dimen152
LaTeX Info: Redefining \textmicrotypecontext on input line 2013.
\MT@listname@count=\count278

(C:\Users\thoma\AppData\Local\Programs\MiKTeX\tex/latex/microtype\microtype-pdf
tex.def
File: microtype-pdftex.def 2024/03/29 v3.1b Definitions specific to pdftex (RS)

LaTeX Info: Redefining \lsstyle on input line 902.
LaTeX Info: Redefining \lslig on input line 902.
\MT@outer@space=\skip58
)
Package microtype Info: Loading configuration file microtype.cfg.

(C:\Users\thoma\AppData\Local\Programs\MiKTeX\tex/latex/microtype\microtype.cfg
File: microtype.cfg 2024/03/29 v3.1b microtype main configuration file (RS)
))
(C:\Users\thoma\AppData\Local\Programs\MiKTeX\tex/latex/booktabs\booktabs.sty
Package: booktabs 2020/01/12 v1.61803398 Publication quality tables
\heavyrulewidth=\dimen153
\lightrulewidth=\dimen154
\cmidrulewidth=\dimen155
\belowrulesep=\dimen156
\belowbottomsep=\dimen157
\aboverulesep=\dimen158
\abovetopsep=\dimen159
\cmidrulesep=\dimen160
\cmidrulekern=\dimen161
\defaultaddspace=\dimen162
\@cmidla=\count279
\@cmidlb=\count280
\@aboverulesep=\dimen163
\@belowrulesep=\dimen164
\@thisruleclass=\count281
\@lastruleclass=\count282
\@thisrulewidth=\dimen165
)
(C:\Users\thoma\AppData\Local\Programs\MiKTeX\tex/latex/refcount\refcount.sty
Package: refcount 2019/12/15 v3.6 Data extraction from label references (HO)

(C:\Users\thoma\AppData\Local\Programs\MiKTeX\tex/generic/ltxcmds\ltxcmds.sty
Package: ltxcmds 2023-12-04 v1.26 LaTeX kernel commands for general use (HO)
)
(C:\Users\thoma\AppData\Local\Programs\MiKTeX\tex/generic/infwarerr\infwarerr.s
ty
Package: infwarerr 2019/12/03 v1.5 Providing info/warning/error messages (HO)
))
(C:\Users\thoma\AppData\Local\Programs\MiKTeX\tex/latex/totpages\totpages.sty
Package: totpages 2005/09/19 v2.00 Totpages Package (muewi)

(C:\Users\thoma\AppData\Local\Programs\MiKTeX\tex/latex/everyshi\everyshi.sty
Package: everyshi 2020/11/18 v4.00 EveryShipout Package
)) (C:\Users\thoma\AppData\Local\Programs\MiKTeX\tex/latex/environ\environ.sty
Package: environ 2014/05/04 v0.3 A new way to define environments

(C:\Users\thoma\AppData\Local\Programs\MiKTeX\tex/latex/trimspaces\trimspaces.s
ty
Package: trimspaces 2009/09/17 v1.1 Trim spaces around a token list
))
(C:\Users\thoma\AppData\Local\Programs\MiKTeX\tex/latex/textcase\textcase.sty
Package: textcase 2023/07/27 v1.04 Text only upper/lower case changing (DPC)
Package textcase Info: Defining Legacy names on input line 20.
)
(C:\Users\thoma\AppData\Local\Programs\MiKTeX\tex/latex/natbib\natbib.sty
Package: natbib 2010/09/13 8.31b (PWD, AO)
\bibhang=\skip59
\bibsep=\skip60
LaTeX Info: Redefining \cite on input line 694.
\c@NAT@ctr=\count283
)
(C:\Users\thoma\AppData\Local\Programs\MiKTeX\tex/latex/hyperref\hyperref.sty
Package: hyperref 2023-11-26 v7.01g Hypertext links for LaTeX

(C:\Users\thoma\AppData\Local\Programs\MiKTeX\tex/generic/iftex\iftex.sty
Package: iftex 2022/02/03 v1.0f TeX engine tests
)
(C:\Users\thoma\AppData\Local\Programs\MiKTeX\tex/latex/kvsetkeys\kvsetkeys.sty
Package: kvsetkeys 2022-10-05 v1.19 Key value parser (HO)
)
(C:\Users\thoma\AppData\Local\Programs\MiKTeX\tex/generic/kvdefinekeys\kvdefine
keys.sty
Package: kvdefinekeys 2019-12-19 v1.6 Define keys (HO)
)
(C:\Users\thoma\AppData\Local\Programs\MiKTeX\tex/generic/pdfescape\pdfescape.s
ty
Package: pdfescape 2019/12/09 v1.15 Implements pdfTeX's escape features (HO)

(C:\Users\thoma\AppData\Local\Programs\MiKTeX\tex/generic/pdftexcmds\pdftexcmds
.sty
Package: pdftexcmds 2020-06-27 v0.33 Utility functions of pdfTeX for LuaTeX (HO
)
Package pdftexcmds Info: \pdf@primitive is available.
Package pdftexcmds Info: \pdf@ifprimitive is available.
Package pdftexcmds Info: \pdfdraftmode found.
))
(C:\Users\thoma\AppData\Local\Programs\MiKTeX\tex/latex/hycolor\hycolor.sty
Package: hycolor 2020-01-27 v1.10 Color options for hyperref/bookmark (HO)
)
(C:\Users\thoma\AppData\Local\Programs\MiKTeX\tex/latex/letltxmacro\letltxmacro
.sty
Package: letltxmacro 2019/12/03 v1.6 Let assignment for LaTeX macros (HO)
)
(C:\Users\thoma\AppData\Local\Programs\MiKTeX\tex/latex/auxhook\auxhook.sty
Package: auxhook 2019-12-17 v1.6 Hooks for auxiliary files (HO)
)
(C:\Users\thoma\AppData\Local\Programs\MiKTeX\tex/latex/hyperref\nameref.sty
Package: nameref 2023-11-26 v2.56 Cross-referencing by name of section

(C:\Users\thoma\AppData\Local\Programs\MiKTeX\tex/generic/gettitlestring\gettit
lestring.sty
Package: gettitlestring 2019/12/15 v1.6 Cleanup title references (HO)

(C:\Users\thoma\AppData\Local\Programs\MiKTeX\tex/latex/kvoptions\kvoptions.sty
Package: kvoptions 2022-06-15 v3.15 Key value format for package options (HO)
))
\c@section@level=\count284
)
\@linkdim=\dimen166
\Hy@linkcounter=\count285
\Hy@pagecounter=\count286
 (C:\Users\thoma\AppData\Local\Programs\MiKTeX\tex/latex/hyperref\pd1enc.def
File: pd1enc.def 2023-11-26 v7.01g Hyperref: PDFDocEncoding definition (HO)
Now handling font encoding PD1 ...
... no UTF-8 mapping file for font encoding PD1
) (C:\Users\thoma\AppData\Local\Programs\MiKTeX\tex/generic/intcalc\intcalc.sty
Package: intcalc 2019/12/15 v1.3 Expandable calculations with integers (HO)
)
\Hy@SavedSpaceFactor=\count287
 (C:\Users\thoma\AppData\Local\Programs\MiKTeX\tex/latex/hyperref\puenc.def
File: puenc.def 2023-11-26 v7.01g Hyperref: PDF Unicode definition (HO)
Now handling font encoding PU ...
... no UTF-8 mapping file for font encoding PU
)
Package hyperref Info: Option `bookmarksnumbered' set `true' on input line 4064
.
Package hyperref Info: Option `unicode' set `true' on input line 4064.
Package hyperref Info: Hyper figures OFF on input line 4181.
Package hyperref Info: Link nesting OFF on input line 4186.
Package hyperref Info: Hyper index ON on input line 4189.
Package hyperref Info: Plain pages OFF on input line 4196.
Package hyperref Info: Backreferencing OFF on input line 4201.
Package hyperref Info: Implicit mode ON; LaTeX internals redefined.
Package hyperref Info: Bookmarks ON on input line 4448.
\c@Hy@tempcnt=\count288

(C:\Users\thoma\AppData\Local\Programs\MiKTeX\tex/latex/url\url.sty
\Urlmuskip=\muskip17
Package: url 2013/09/16  ver 3.4  Verb mode for urls, etc.
)
LaTeX Info: Redefining \url on input line 4786.
\XeTeXLinkMargin=\dimen167

(C:\Users\thoma\AppData\Local\Programs\MiKTeX\tex/generic/bitset\bitset.sty
Package: bitset 2019/12/09 v1.3 Handle bit-vector datatype (HO)

(C:\Users\thoma\AppData\Local\Programs\MiKTeX\tex/generic/bigintcalc\bigintcalc
.sty
Package: bigintcalc 2019/12/15 v1.5 Expandable calculations on big integers (HO
)
))
\Fld@menulength=\count289
\Field@Width=\dimen168
\Fld@charsize=\dimen169
Package hyperref Info: Hyper figures OFF on input line 6065.
Package hyperref Info: Link nesting OFF on input line 6070.
Package hyperref Info: Hyper index ON on input line 6073.
Package hyperref Info: backreferencing OFF on input line 6080.
Package hyperref Info: Link coloring OFF on input line 6085.
Package hyperref Info: Link coloring with OCG OFF on input line 6090.
Package hyperref Info: PDF/A mode OFF on input line 6095.

(C:\Users\thoma\AppData\Local\Programs\MiKTeX\tex/latex/base\atbegshi-ltx.sty
Package: atbegshi-ltx 2021/01/10 v1.0c Emulation of the original atbegshi
package with kernel methods
)
\Hy@abspage=\count290
\c@Item=\count291
\c@Hfootnote=\count292
)
Package hyperref Info: Driver (autodetected): hpdftex.
(C:\Users\thoma\AppData\Local\Programs\MiKTeX\tex/latex/hyperref\hpdftex.def
File: hpdftex.def 2023-11-26 v7.01g Hyperref driver for pdfTeX

(C:\Users\thoma\AppData\Local\Programs\MiKTeX\tex/latex/base\atveryend-ltx.sty
Package: atveryend-ltx 2020/08/19 v1.0a Emulation of the original atveryend pac
kage
with kernel methods
)
\Fld@listcount=\count293
\c@bookmark@seq@number=\count294

(C:\Users\thoma\AppData\Local\Programs\MiKTeX\tex/latex/rerunfilecheck\rerunfil
echeck.sty
Package: rerunfilecheck 2022-07-10 v1.10 Rerun checks for auxiliary files (HO)

(C:\Users\thoma\AppData\Local\Programs\MiKTeX\tex/generic/uniquecounter\uniquec
ounter.sty
Package: uniquecounter 2019/12/15 v1.4 Provide unlimited unique counter (HO)
)
Package uniquecounter Info: New unique counter `rerunfilecheck' on input line 2
85.
)
\Hy@SectionHShift=\skip61
)
(C:\Users\thoma\AppData\Local\Programs\MiKTeX\tex/latex/graphics\graphicx.sty
Package: graphicx 2021/09/16 v1.2d Enhanced LaTeX Graphics (DPC,SPQR)

(C:\Users\thoma\AppData\Local\Programs\MiKTeX\tex/latex/graphics\graphics.sty
Package: graphics 2022/03/10 v1.4e Standard LaTeX Graphics (DPC,SPQR)

(C:\Users\thoma\AppData\Local\Programs\MiKTeX\tex/latex/graphics\trig.sty
Package: trig 2021/08/11 v1.11 sin cos tan (DPC)
)
(C:\Users\thoma\AppData\Local\Programs\MiKTeX\tex/latex/graphics-cfg\graphics.c
fg
File: graphics.cfg 2016/06/04 v1.11 sample graphics configuration
)
Package graphics Info: Driver file: pdftex.def on input line 107.

(C:\Users\thoma\AppData\Local\Programs\MiKTeX\tex/latex/graphics-def\pdftex.def
File: pdftex.def 2022/09/22 v1.2b Graphics/color driver for pdftex
))
\Gin@req@height=\dimen170
\Gin@req@width=\dimen171
) (C:\Users\thoma\AppData\Local\Programs\MiKTeX\tex/latex/xcolor\xcolor.sty
Package: xcolor 2023/11/15 v3.01 LaTeX color extensions (UK)

(C:\Users\thoma\AppData\Local\Programs\MiKTeX\tex/latex/graphics-cfg\color.cfg
File: color.cfg 2016/01/02 v1.6 sample color configuration
)
Package xcolor Info: Driver file: pdftex.def on input line 274.
(C:\Users\thoma\AppData\Local\Programs\MiKTeX\tex/latex/graphics\mathcolor.ltx)
Package xcolor Info: Model `cmy' substituted by `cmy0' on input line 1350.
Package xcolor Info: Model `hsb' substituted by `rgb' on input line 1354.
Package xcolor Info: Model `RGB' extended on input line 1366.
Package xcolor Info: Model `HTML' substituted by `rgb' on input line 1368.
Package xcolor Info: Model `Hsb' substituted by `hsb' on input line 1369.
Package xcolor Info: Model `tHsb' substituted by `hsb' on input line 1370.
Package xcolor Info: Model `HSB' substituted by `hsb' on input line 1371.
Package xcolor Info: Model `Gray' substituted by `gray' on input line 1372.
Package xcolor Info: Model `wave' substituted by `hsb' on input line 1373.
) (C:\Users\thoma\AppData\Local\Programs\MiKTeX\tex/latex/geometry\geometry.sty
Package: geometry 2020/01/02 v5.9 Page Geometry
(C:\Users\thoma\AppData\Local\Programs\MiKTeX\tex/generic/iftex\ifvtex.sty
Package: ifvtex 2019/10/25 v1.7 ifvtex legacy package. Use iftex instead.
)
\Gm@cnth=\count295
\Gm@cntv=\count296
\c@Gm@tempcnt=\count297
\Gm@bindingoffset=\dimen172
\Gm@wd@mp=\dimen173
\Gm@odd@mp=\dimen174
\Gm@even@mp=\dimen175
\Gm@layoutwidth=\dimen176
\Gm@layoutheight=\dimen177
\Gm@layouthoffset=\dimen178
\Gm@layoutvoffset=\dimen179
\Gm@dimlist=\toks32

(C:\Users\thoma\AppData\Local\Programs\MiKTeX\tex/latex/geometry\geometry.cfg))
(C:\Users\thoma\AppData\Local\Programs\MiKTeX\tex/latex/ncctools\manyfoot.sty
Package: manyfoot 2019/08/03 v1.11 Many Footnote Levels Package (NCC)

(C:\Users\thoma\AppData\Local\Programs\MiKTeX\tex/latex/ncctools\nccfoots.sty
Package: nccfoots 2005/02/03 v1.2 NCC Footnotes Package (NCC)
)
\MFL@columnwidth=\dimen180
)
\footinsauthorsaddresses=\insert251
\c@footnoteauthorsaddresses=\count298
\footinscopyrightpermission=\insert250
\c@footnotecopyrightpermission=\count299

(C:\Users\thoma\AppData\Local\Programs\MiKTeX\tex/generic/pdftex\glyphtounicode
.tex) (C:\Users\thoma\AppData\Local\Programs\MiKTeX\tex/latex/cmap\cmap.sty
Package: cmap 2021/02/06 v1.0j CMap support: searchable PDF
)
(C:\Users\thoma\AppData\Local\Programs\MiKTeX\tex/latex/base\fontenc.sty
Package: fontenc 2021/04/29 v2.0v Standard LaTeX package
<<t1.cmap>>)
(C:\Users\thoma\AppData\Local\Programs\MiKTeX\tex/latex/libertine\libertine.sty
Package: libertine 2024/04/23 (Bob Tennent) Supports Libertine and Biolinum fon
ts for all LaTeX engines.
(C:\Users\thoma\AppData\Local\Programs\MiKTeX\tex/generic/iftex\ifxetex.sty
Package: ifxetex 2019/10/25 v0.7 ifxetex legacy package. Use iftex instead.
)
(C:\Users\thoma\AppData\Local\Programs\MiKTeX\tex/generic/iftex\ifluatex.sty
Package: ifluatex 2019/10/25 v1.5 ifluatex legacy package. Use iftex instead.
)
(C:\Users\thoma\AppData\Local\Programs\MiKTeX\tex/latex/base\textcomp.sty
Package: textcomp 2020/02/02 v2.0n Standard LaTeX package
)
(C:\Users\thoma\AppData\Local\Programs\MiKTeX\tex/latex/base\fontenc.sty
Package: fontenc 2021/04/29 v2.0v Standard LaTeX package
)
(C:\Users\thoma\AppData\Local\Programs\MiKTeX\tex/latex/fontaxes\fontaxes.sty
Package: fontaxes 2020/07/21 v1.0e Font selection axes
LaTeX Info: Redefining \upshape on input line 29.
LaTeX Info: Redefining \itshape on input line 31.
LaTeX Info: Redefining \slshape on input line 33.
LaTeX Info: Redefining \swshape on input line 35.
LaTeX Info: Redefining \scshape on input line 37.
LaTeX Info: Redefining \sscshape on input line 39.
LaTeX Info: Redefining \ulcshape on input line 41.
LaTeX Info: Redefining \textsw on input line 47.
LaTeX Info: Redefining \textssc on input line 48.
LaTeX Info: Redefining \textulc on input line 49.
)
LaTeX Info: Redefining \oldstylenums on input line 485.

(C:\Users\thoma\AppData\Local\Programs\MiKTeX\tex/latex/libertine\LinLibertine_
I.tex))
(C:\Users\thoma\AppData\Local\Programs\MiKTeX\tex/latex/inconsolata\zi4.sty
Package: zi4 2019/05/17 v1.12

`inconsolata-zi4' v1.12, 2019/05/17 Text macros for Inconsolata (msharpe)
\zifour@ocount=\count300
)
(C:\Users\thoma\AppData\Local\Programs\MiKTeX\tex/latex/newtx\newtxmath.sty
Package: newtxmath 2024/03/06 v1.742

`newtxmath' v1.742, 2024/03/06 Math macros based originally on txfonts (msharpe
) (C:\Users\thoma\AppData\Local\Programs\MiKTeX\tex/latex/base\ifthen.sty
Package: ifthen 2022/04/13 v1.1d Standard LaTeX ifthen package (DPC)
)
(C:\Users\thoma\AppData\Local\Programs\MiKTeX\tex/latex/oberdiek\centernot.sty
Package: centernot 2016/05/16 v1.4 Centers the not symbol horizontally (HO)
)
\tx@cntz=\count301
(C:\Users\thoma\AppData\Local\Programs\MiKTeX\tex/generic/binhex\binhex.tex)
\tx@Isdigit=\count302
\tx@IsAlNum=\count303
\tx@tA=\toks33
\tx@tB=\toks34
\tx@su=\read2

amsthm NOT loaded
LaTeX Font Info:    Redeclaring symbol font `operators' on input line 393.
LaTeX Font Info:    Overwriting symbol font `operators' in version `normal'
(Font)                  OT1/cmr/m/n --> OT1/LinuxLibertineT-TLF/m/n on input li
ne 393.
LaTeX Font Info:    Overwriting symbol font `operators' in version `bold'
(Font)                  OT1/cmr/bx/n --> OT1/LinuxLibertineT-TLF/m/n on input l
ine 393.
LaTeX Font Info:    Overwriting symbol font `operators' in version `bold'
(Font)                  OT1/LinuxLibertineT-TLF/m/n --> OT1/LinuxLibertineT-TLF
/sb/n on input line 394.
LaTeX Font Info:    Redeclaring math alphabet \mathsf on input line 401.
LaTeX Font Info:    Overwriting math alphabet `\mathsf' in version `normal'
(Font)                  OT1/cmss/m/n --> OT1/LinuxBiolinumT-TLF/m/n on input li
ne 401.
LaTeX Font Info:    Overwriting math alphabet `\mathsf' in version `bold'
(Font)                  OT1/cmss/bx/n --> OT1/LinuxBiolinumT-TLF/m/n on input l
ine 401.
LaTeX Font Info:    Overwriting math alphabet `\mathsf' in version `bold'
(Font)                  OT1/LinuxBiolinumT-TLF/m/n --> OT1/LinuxBiolinumT-TLF/b
/n on input line 403.
LaTeX Font Info:    Redeclaring math alphabet \mathit on input line 410.
LaTeX Font Info:    Overwriting math alphabet `\mathit' in version `normal'
(Font)                  OT1/cmr/m/it --> OT1/LinuxLibertineT-TLF/m/it on input 
line 410.
LaTeX Font Info:    Overwriting math alphabet `\mathit' in version `bold'
(Font)                  OT1/cmr/bx/it --> OT1/LinuxLibertineT-TLF/m/it on input
 line 410.
LaTeX Font Info:    Redeclaring math alphabet \mathtt on input line 411.
LaTeX Font Info:    Overwriting math alphabet `\mathtt' in version `normal'
(Font)                  OT1/cmtt/m/n --> T1/zi4/m/n on input line 411.
LaTeX Font Info:    Overwriting math alphabet `\mathtt' in version `bold'
(Font)                  OT1/cmtt/m/n --> T1/zi4/m/n on input line 411.
LaTeX Font Info:    Redeclaring math alphabet \mathbf on input line 413.
LaTeX Font Info:    Overwriting math alphabet `\mathbf' in version `normal'
(Font)                  OT1/cmr/bx/n --> OT1/LinuxLibertineT-TLF/sb/n on input 
line 413.
LaTeX Font Info:    Overwriting math alphabet `\mathbf' in version `bold'
(Font)                  OT1/cmr/bx/n --> OT1/LinuxLibertineT-TLF/sb/n on input 
line 413.
LaTeX Font Info:    Overwriting math alphabet `\mathit' in version `bold'
(Font)                  OT1/LinuxLibertineT-TLF/m/it --> OT1/LinuxLibertineT-TL
F/sb/it on input line 414.
LaTeX Font Info:    Overwriting math alphabet `\mathtt' in version `bold'
(Font)                  T1/zi4/m/n --> T1/zi4/b/n on input line 417.
LaTeX Font Info:    Redeclaring symbol font `letters' on input line 435.
LaTeX Font Info:    Overwriting symbol font `letters' in version `normal'
(Font)                  OML/cmm/m/it --> OML/nxlmi/m/it on input line 435.
LaTeX Font Info:    Overwriting symbol font `letters' in version `bold'
(Font)                  OML/cmm/b/it --> OML/nxlmi/m/it on input line 435.
LaTeX Font Info:    Overwriting symbol font `letters' in version `bold'
(Font)                  OML/nxlmi/m/it --> OML/nxlmi/b/it on input line 436.
\symlettersA=\mathgroup6
LaTeX Font Info:    Overwriting symbol font `lettersA' in version `bold'
(Font)                  U/ntxmia/m/it --> U/ntxmia/b/it on input line 565.
LaTeX Font Info:    Redeclaring math alphabet \mathfrak on input line 567.
Now handling font encoding LMS ...
... no UTF-8 mapping file for font encoding LMS
LaTeX Font Info:    Redeclaring symbol font `symbols' on input line 587.
LaTeX Font Info:    Encoding `OMS' has changed to `LMS' for symbol font
(Font)              `symbols' in the math version `normal' on input line 587.
LaTeX Font Info:    Overwriting symbol font `symbols' in version `normal'
(Font)                  OMS/cmsy/m/n --> LMS/ntxsy/m/n on input line 587.
LaTeX Font Info:    Encoding `OMS' has changed to `LMS' for symbol font
(Font)              `symbols' in the math version `bold' on input line 587.
LaTeX Font Info:    Overwriting symbol font `symbols' in version `bold'
(Font)                  OMS/cmsy/b/n --> LMS/ntxsy/m/n on input line 587.
LaTeX Font Info:    Overwriting symbol font `symbols' in version `bold'
(Font)                  LMS/ntxsy/m/n --> LMS/ntxsy/b/n on input line 588.
\symAMSm=\mathgroup7
LaTeX Font Info:    Overwriting symbol font `AMSm' in version `bold'
(Font)                  U/ntxsym/m/n --> U/ntxsym/b/n on input line 613.
\symsymbolsC=\mathgroup8
LaTeX Font Info:    Overwriting symbol font `symbolsC' in version `bold'
(Font)                  U/ntxsyc/m/n --> U/ntxsyc/b/n on input line 634.
Now handling font encoding LMX ...
... no UTF-8 mapping file for font encoding LMX
LaTeX Font Info:    Redeclaring symbol font `largesymbols' on input line 647.
LaTeX Font Info:    Encoding `OMX' has changed to `LMX' for symbol font
(Font)              `largesymbols' in the math version `normal' on input line 6
47.
LaTeX Font Info:    Overwriting symbol font `largesymbols' in version `normal'
(Font)                  OMX/cmex/m/n --> LMX/ntxexx/m/n on input line 647.
LaTeX Font Info:    Encoding `OMX' has changed to `LMX' for symbol font
(Font)              `largesymbols' in the math version `bold' on input line 647
.
LaTeX Font Info:    Overwriting symbol font `largesymbols' in version `bold'
(Font)                  OMX/cmex/m/n --> LMX/ntxexx/m/n on input line 647.
LaTeX Font Info:    Overwriting symbol font `largesymbols' in version `bold'
(Font)                  LMX/ntxexx/m/n --> LMX/ntxexx/b/n on input line 648.
\symlargesymbolsTXA=\mathgroup9
LaTeX Font Info:    Overwriting symbol font `largesymbolsTXA' in version `bold'

(Font)                  U/ntxexa/m/n --> U/ntxexa/b/n on input line 662.
\tx@sbptoks=\toks35
LaTeX Font Info:    Redeclaring math delimiter \lfloor on input line 885.
LaTeX Font Info:    Redeclaring math delimiter \rfloor on input line 886.
LaTeX Font Info:    Redeclaring math delimiter \lceil on input line 887.
LaTeX Font Info:    Redeclaring math delimiter \rceil on input line 888.
LaTeX Font Info:    Redeclaring math delimiter \lbrace on input line 893.
LaTeX Font Info:    Redeclaring math delimiter \rbrace on input line 894.
LaTeX Font Info:    Redeclaring math delimiter \langle on input line 896.
LaTeX Font Info:    Redeclaring math delimiter \rangle on input line 898.
LaTeX Font Info:    Redeclaring math delimiter \arrowvert on input line 902.
LaTeX Font Info:    Redeclaring math delimiter \vert on input line 903.
LaTeX Font Info:    Redeclaring math accent \dot on input line 974.
LaTeX Font Info:    Redeclaring math accent \ddot on input line 975.
LaTeX Font Info:    Redeclaring math accent \vec on input line 2048.
LaTeX Info: Redefining \Bbbk on input line 2838.
LaTeX Info: Redefining \not on input line 2986.
LaTeX Info: Redefining \textsquare on input line 3016.
LaTeX Info: Redefining \openbox on input line 3018.
) (C:\Users\thoma\AppData\Local\Programs\MiKTeX\tex/latex/caption\caption.sty
Package: caption 2023/08/05 v3.6o Customizing captions (AR)

(C:\Users\thoma\AppData\Local\Programs\MiKTeX\tex/latex/caption\caption3.sty
Package: caption3 2023/07/31 v2.4d caption3 kernel (AR)
\caption@tempdima=\dimen181
\captionmargin=\dimen182
\caption@leftmargin=\dimen183
\caption@rightmargin=\dimen184
\caption@width=\dimen185
\caption@indent=\dimen186
\caption@parindent=\dimen187
\caption@hangindent=\dimen188
Package caption Info: AMS or SMF document class detected.

(C:\Users\thoma\AppData\Local\Programs\MiKTeX\tex/latex/caption\caption-ams-smf
.sto
File: caption-ams-smf.sto 2020/08/22 v2.0 Adaption of the caption package to th
e AMS and SMF document classes (AR)
))
\c@caption@flags=\count304
\c@continuedfloat=\count305
Package caption Info: hyperref package is loaded.
) (C:\Users\thoma\AppData\Local\Programs\MiKTeX\tex/latex/float\float.sty
Package: float 2001/11/08 v1.3d Float enhancements (AL)
\c@float@type=\count306
\float@exts=\toks36
\float@box=\box55
\@float@everytoks=\toks37
\@floatcapt=\box56
)
\@float@every@sidebar=\toks38
\c@sidebar=\count307
\fulltextwidth=\dimen189
\@ACM@labelwidth=\dimen190
\listisep=\skip62
\num@authorgroups=\count308
\num@authors=\count309
\@ACM@badge@width=\skip63
\@ACM@title@width=\skip64
\@ACM@badge@skip=\skip65
Class acmart Info: Printing CCS on input line 1348.
Class acmart Info: Printing bibformat on input line 1348.
Class acmart Info: Suppressing folios on input line 1355.
Class acmart Info: Setting authorsperrow to 0 on input line 1358.
 (C:\Users\thoma\AppData\Local\Programs\MiKTeX\tex/latex/comment\comment.sty
\CommentStream=\write3

Excluding comment 'comment') Excluding comment 'CCSXML'
\c@@concepts=\count310
\mktitle@bx=\box57
\@ACM@commabox=\box58
\author@bx=\box59
\author@bx@wd=\dimen191
\author@bx@sep=\skip66

(C:\Users\thoma\AppData\Local\Programs\MiKTeX\tex/latex/fancyhdr\fancyhdr.sty
Package: fancyhdr 2024/04/23 v4.2 Extensive control of page headers and footers

\f@nch@headwidth=\skip67
\f@nch@O@elh=\skip68
\f@nch@O@erh=\skip69
\f@nch@O@olh=\skip70
\f@nch@O@orh=\skip71
\f@nch@O@elf=\skip72
\f@nch@O@erf=\skip73
\f@nch@O@olf=\skip74
\f@nch@O@orf=\skip75
)
\@folio@wd=\dimen192
\@folio@ht=\dimen193
\@folio@voffset=\dimen194

Special comment 'acks'
LaTeX Font Info:    Trying to load font information for T1+LinuxLibertineT-TLF 
on input line 2770.

(C:\Users\thoma\AppData\Local\Programs\MiKTeX\tex/latex/libertine\t1linuxlibert
inet-tlf.fd
File: T1LinuxLibertineT-TLF.fd 2017/03/20 (autoinst) Font definitions for T1/Li
nuxLibertineT-TLF.
)
LaTeX Font Info:    Font shape `T1/LinuxLibertineT-TLF/m/n' will be
(Font)              scaled to size 9.0pt on input line 2770.
)
(C:\Users\thoma\AppData\Local\Programs\MiKTeX\tex/latex/base\inputenc.sty
Package: inputenc 2021/02/14 v1.3d Input encoding file
\inpenc@prehook=\toks39
\inpenc@posthook=\toks40
)
(C:\Users\thoma\AppData\Local\Programs\MiKTeX\tex/latex/base\fontenc.sty
Package: fontenc 2021/04/29 v2.0v Standard LaTeX package
)
(C:\Users\thoma\AppData\Local\Programs\MiKTeX\tex/latex/listings\listings.sty
\lst@mode=\count311
\lst@gtempboxa=\box60
\lst@token=\toks41
\lst@length=\count312
\lst@currlwidth=\dimen195
\lst@column=\count313
\lst@pos=\count314
\lst@lostspace=\dimen196
\lst@width=\dimen197
\lst@newlines=\count315
\lst@lineno=\count316
\lst@maxwidth=\dimen198

(C:\Users\thoma\AppData\Local\Programs\MiKTeX\tex/latex/listings\lstmisc.sty
File: lstmisc.sty 2023/02/27 1.9 (Carsten Heinz)
\c@lstnumber=\count317
\lst@skipnumbers=\count318
\lst@framebox=\box61
)
(C:\Users\thoma\AppData\Local\Programs\MiKTeX\tex/latex/listings\listings.cfg
File: listings.cfg 2023/02/27 1.9 listings configuration
))
Package: listings 2023/02/27 1.9 (Carsten Heinz)

(C:\Users\thoma\AppData\Local\Programs\MiKTeX\tex/latex/csvsimple\csvsimple.sty
Package: csvsimple 2024/01/19 v2.6.0 LaTeX CSV file processing
)
(C:\Users\thoma\AppData\Local\Programs\MiKTeX\tex/latex/csvsimple\csvsimple-leg
acy.sty
Package: csvsimple-legacy 2024/01/19 version 2.6.0 LaTeX2e CSV file processing

(C:\Users\thoma\AppData\Local\Programs\MiKTeX\tex/latex/pgf/utilities\pgfrcs.st
y
(C:\Users\thoma\AppData\Local\Programs\MiKTeX\tex/generic/pgf/utilities\pgfutil
-common.tex
\pgfutil@everybye=\toks42
\pgfutil@tempdima=\dimen199
\pgfutil@tempdimb=\dimen256
)
(C:\Users\thoma\AppData\Local\Programs\MiKTeX\tex/generic/pgf/utilities\pgfutil
-latex.def
\pgfutil@abb=\box62
)
(C:\Users\thoma\AppData\Local\Programs\MiKTeX\tex/generic/pgf/utilities\pgfrcs.
code.tex
(C:\Users\thoma\AppData\Local\Programs\MiKTeX\tex/generic/pgf\pgf.revision.tex)
Package: pgfrcs 2023-01-15 v3.1.10 (3.1.10)
))
(C:\Users\thoma\AppData\Local\Programs\MiKTeX\tex/latex/pgf/utilities\pgfkeys.s
ty
(C:\Users\thoma\AppData\Local\Programs\MiKTeX\tex/generic/pgf/utilities\pgfkeys
.code.tex
\pgfkeys@pathtoks=\toks43
\pgfkeys@temptoks=\toks44

(C:\Users\thoma\AppData\Local\Programs\MiKTeX\tex/generic/pgf/utilities\pgfkeys
libraryfiltered.code.tex
\pgfkeys@tmptoks=\toks45
)))
(C:\Users\thoma\AppData\Local\Programs\MiKTeX\tex/latex/tools\shellesc.sty
Package: shellesc 2023/07/08 v1.0d unified shell escape interface for LaTeX
Package shellesc Info: Restricted shell escape enabled on input line 77.
)
\csv@file=\read3
\c@csvinputline=\count319
\c@csvrow=\count320
\c@csvcol=\count321
\csv@out=\write4
)
(C:\Users\thoma\AppData\Local\Programs\MiKTeX\tex/latex/tools\tabularx.sty
Package: tabularx 2023/07/08 v2.11c `tabularx' package (DPC)

(C:\Users\thoma\AppData\Local\Programs\MiKTeX\tex/latex/tools\array.sty
Package: array 2023/10/16 v2.5g Tabular extension package (FMi)
\col@sep=\dimen257
\ar@mcellbox=\box63
\extrarowheight=\dimen258
\NC@list=\toks46
\extratabsurround=\skip76
\backup@length=\skip77
\ar@cellbox=\box64
)
\TX@col@width=\dimen259
\TX@old@table=\dimen260
\TX@old@col=\dimen261
\TX@target=\dimen262
\TX@delta=\dimen263
\TX@cols=\count322
\TX@ftn=\toks47
)
(C:\Users\thoma\AppData\Local\Programs\MiKTeX\tex/generic/soul\soul.sty
Package: soul 2023-06-14 v3.1 Permit use of UTF-8 characters in soul (HO)

(C:\Users\thoma\AppData\Local\Programs\MiKTeX\tex/generic/soul\soul-ori.sty
Package: soul-ori 2023-06-14 v3.1 letterspacing/underlining (mf)
\SOUL@word=\toks48
\SOUL@lasttoken=\toks49
\SOUL@syllable=\toks50
\SOUL@cmds=\toks51
\SOUL@buffer=\toks52
\SOUL@token=\toks53
\SOUL@syllgoal=\dimen264
\SOUL@syllwidth=\dimen265
\SOUL@charkern=\dimen266
\SOUL@hyphkern=\dimen267
\SOUL@dimen=\dimen268
\SOUL@dimeni=\dimen269
\SOUL@minus=\count323
\SOUL@comma=\count324
\SOUL@apo=\count325
\SOUL@grave=\count326
\SOUL@spaceskip=\skip78
\SOUL@ttwidth=\dimen270
\SOUL@uldp=\dimen271
\SOUL@ulht=\dimen272
)
(C:\Users\thoma\AppData\Local\Programs\MiKTeX\tex/generic/etexcmds\etexcmds.sty
Package: etexcmds 2019/12/15 v1.7 Avoid name clashes with e-TeX commands (HO)
)) (C:\Users\thoma\AppData\Local\Programs\MiKTeX\tex/latex/sttools\flushend.sty
Package: flushend 2021/10/04 v4.0 Balancing columns in twocolumn mode
\flushend@@lastskip@a=\skip79
\flushend@@lastskip@b=\skip80
\flushend@@lastnode=\count327
\var@@loop@iter=\count328
\var@@temp@spread=\dimen273
\var@@temp@a=\dimen274
\var@@temp@loop=\dimen275
\flushend@@page@rule=\dimen276
\flushend@@varbox@lastpage=\box65
\flushend@@varbox@a=\box66
\flushend@@varbox@c=\box67
\flushend@@tempbox@a=\box68
\flushend@@tempbox@c=\box69
\flushend@@floatbox=\box70
\@viper=\box71
\hold@viper=\box72
\atColsBreak=\toks54
\atColsEnd=\toks55
\oldbreak@skip=\dimen277
)
Package hyperref Info: Option `pdfdisplaydoctitle' set `true' on input line 97.

\c@theorem=\count329
 (C:\Users\thoma\AppData\Local\Programs\MiKTeX\tex/latex/preprint\balance.sty
Package: balance 1999/02/23 4.3 (PWD)
\oldvsize=\dimen278
) Excluding comment 'screenonly' Include comment 'printonly'
Include comment 'anonsuppress'
(C:\Users\thoma\AppData\Local\Programs\MiKTeX\tex/latex/l3backend\l3backend-pdf
tex.def
File: l3backend-pdftex.def 2024-01-04 L3 backend support: PDF output (pdfTeX)
\l__color_backend_stack_int=\count330
\l__pdf_internal_box=\box73
)
No file main.aux.
\openout1 = `main.aux'.

LaTeX Font Info:    Checking defaults for OML/nxlmi/m/it on input line 97.
LaTeX Font Info:    Trying to load font information for OML+nxlmi on input line
 97.
(C:\Users\thoma\AppData\Local\Programs\MiKTeX\tex/latex/newtx\omlnxlmi.fd
File: omlnxlmi.fd 2013/11/19 Fontinst v1.933 font definitions for OML/nxlmi.
)
LaTeX Font Info:    ... okay on input line 97.
LaTeX Font Info:    Checking defaults for OMS/cmsy/m/n on input line 97.
LaTeX Font Info:    ... okay on input line 97.
LaTeX Font Info:    Checking defaults for OT1/cmr/m/n on input line 97.
LaTeX Font Info:    ... okay on input line 97.
LaTeX Font Info:    Checking defaults for T1/cmr/m/n on input line 97.
LaTeX Font Info:    ... okay on input line 97.
LaTeX Font Info:    Checking defaults for TS1/cmr/m/n on input line 97.
LaTeX Font Info:    ... okay on input line 97.
LaTeX Font Info:    Checking defaults for OMX/cmex/m/n on input line 97.
LaTeX Font Info:    ... okay on input line 97.
LaTeX Font Info:    Checking defaults for U/ntxexa/m/n on input line 97.
LaTeX Font Info:    Trying to load font information for U+ntxexa on input line 
97.

(C:\Users\thoma\AppData\Local\Programs\MiKTeX\tex/latex/newtx\untxexa.fd
File: untxexa.fd 2012/04/16 Fontinst v1.933 font definitions for U/ntxexa.
)
LaTeX Font Info:    ... okay on input line 97.
LaTeX Font Info:    Checking defaults for PD1/pdf/m/n on input line 97.
LaTeX Font Info:    ... okay on input line 97.
LaTeX Font Info:    Checking defaults for PU/pdf/m/n on input line 97.
LaTeX Font Info:    ... okay on input line 97.
LaTeX Font Info:    Checking defaults for LMS/ntxsy/m/n on input line 97.
LaTeX Font Info:    Trying to load font information for LMS+ntxsy on input line
 97.

(C:\Users\thoma\AppData\Local\Programs\MiKTeX\tex/latex/newtx\lmsntxsy.fd
File: lmsntxsy.fd 2016/07/02 Fontinst v1.933 font definitions for LMS/ntxsy.
)
LaTeX Font Info:    ... okay on input line 97.
LaTeX Font Info:    Checking defaults for LMX/ntxexx/m/n on input line 97.
LaTeX Font Info:    Trying to load font information for LMX+ntxexx on input lin
e 97.

(C:\Users\thoma\AppData\Local\Programs\MiKTeX\tex/latex/newtx\lmxntxexx.fd
File: lmxntxexx.fd 2016/07/03 Fontinst v1.933 font definitions for LMX/ntxexx.
)
LaTeX Font Info:    ... okay on input line 97.
LaTeX Font Info:    Font shape `T1/LinuxLibertineT-TLF/m/n' will be
(Font)              scaled to size 7.0pt on input line 97.
LaTeX Font Info:    Trying to load font information for OT1+LinuxLibertineT-TLF
 on input line 97.

(C:\Users\thoma\AppData\Local\Programs\MiKTeX\tex/latex/libertine\ot1linuxliber
tinet-tlf.fd
File: OT1LinuxLibertineT-TLF.fd 2017/03/20 (autoinst) Font definitions for OT1/
LinuxLibertineT-TLF.
)
LaTeX Font Info:    Font shape `OT1/LinuxLibertineT-TLF/m/n' will be
(Font)              scaled to size 7.3pt on input line 97.
<<ot1.cmap>>
LaTeX Font Info:    Font shape `OT1/LinuxLibertineT-TLF/m/n' will be
(Font)              scaled to size 5.5pt on input line 97.
<<oml.cmap>>
LaTeX Font Info:    Trying to load font information for U+msa on input line 97.


(C:\Users\thoma\AppData\Local\Programs\MiKTeX\tex/latex/amsfonts\umsa.fd
File: umsa.fd 2013/01/14 v3.01 AMS symbols A
)
LaTeX Font Info:    Trying to load font information for U+msb on input line 97.


(C:\Users\thoma\AppData\Local\Programs\MiKTeX\tex/latex/amsfonts\umsb.fd
File: umsb.fd 2013/01/14 v3.01 AMS symbols B
)
LaTeX Font Info:    Trying to load font information for U+ntxmia on input line 
97.

(C:\Users\thoma\AppData\Local\Programs\MiKTeX\tex/latex/newtx\untxmia.fd
File: untxmia.fd 2018/04/14 Fontinst v1.933 font definitions for U/ntxmia.
)
LaTeX Font Info:    Trying to load font information for U+ntxsym on input line 
97.

(C:\Users\thoma\AppData\Local\Programs\MiKTeX\tex/latex/newtx\untxsym.fd
File: untxsym.fd 2023/08/16 Fontinst v1.933 font definitions for U/ntxsym.
)
LaTeX Font Info:    Trying to load font information for U+ntxsyc on input line 
97.

(C:\Users\thoma\AppData\Local\Programs\MiKTeX\tex/latex/newtx\untxsyc.fd
File: untxsyc.fd 2012/04/12 Fontinst v1.933 font definitions for U/ntxsyc.
)
LaTeX Info: Command `\dddot' is already robust on input line 97.
LaTeX Info: Command `\ddddot' is already robust on input line 97.
LaTeX Info: Redefining \microtypecontext on input line 97.
Package microtype Info: Applying patch `item' on input line 97.
Package microtype Info: Applying patch `toc' on input line 97.
Package microtype Info: Applying patch `eqnum' on input line 97.
Package microtype Info: Applying patch `footnote' on input line 97.
Package microtype Info: Applying patch `verbatim' on input line 97.
Package microtype Info: Generating PDF output.
Package microtype Info: Character protrusion enabled (level 2).
Package microtype Info: Using default protrusion set `alltext'.
Package microtype Info: Automatic font expansion enabled (level 2),
(microtype)             stretch: 20, shrink: 20, step: 1, non-selected.
Package microtype Info: Using default expansion set `alltext-nott'.
LaTeX Info: Redefining \showhyphens on input line 97.
Package microtype Info: No adjustment of tracking.
Package microtype Info: No adjustment of interword spacing.
Package microtype Info: No adjustment of character kerning.
Package microtype Info: Loading generic protrusion settings for font family
(microtype)             `LinuxLibertineT-TLF' (encoding: T1).
(microtype)             For optimal results, create family-specific settings.
(microtype)             See the microtype manual for details.
Package hyperref Info: Link coloring OFF on input line 97.
\@outlinefile=\write5
\openout5 = `main.out'.


(C:\Users\thoma\AppData\Local\Programs\MiKTeX\tex/context/base/mkii\supp-pdf.mk
ii
[Loading MPS to PDF converter (version 2006.09.02).]
\scratchcounter=\count331
\scratchdimen=\dimen279
\scratchbox=\box74
\nofMPsegments=\count332
\nofMParguments=\count333
\everyMPshowfont=\toks56
\MPscratchCnt=\count334
\MPscratchDim=\dimen280
\MPnumerator=\count335
\makeMPintoPDFobject=\count336
\everyMPtoPDFconversion=\toks57
)
(C:\Users\thoma\AppData\Local\Programs\MiKTeX\tex/latex/epstopdf-pkg\epstopdf-b
ase.sty
Package: epstopdf-base 2020-01-24 v2.11 Base part for package epstopdf
Package epstopdf-base Info: Redefining graphics rule for `.eps' on input line 4
85.

(C:\Users\thoma\AppData\Local\Programs\MiKTeX\tex/latex/00miktex\epstopdf-sys.c
fg
File: epstopdf-sys.cfg 2021/03/18 v2.0 Configuration of epstopdf for MiKTeX
))
*geometry* driver: auto-detecting
*geometry* detected driver: pdftex
*geometry* verbose mode - [ preamble ] result:
* driver: pdftex
* paper: custom
* layout: <same size as paper>
* layoutoffset:(h,v)=(0.0pt,0.0pt)
* modes: includehead includefoot twoside heightrounded 
* h-part:(L,W,R)=(54.0pt, 506.295pt, 54.0pt)
* v-part:(T,H,B)=(57.0pt, 664.96999pt, 73.0pt)
* \paperwidth=614.295pt
* \paperheight=794.96999pt
* \textwidth=506.295pt
* \textheight=626.0pt
* \oddsidemargin=-18.26999pt
* \evensidemargin=-18.26999pt
* \topmargin=-15.26999pt
* \headheight=13.0pt
* \headsep=14.0pt
* \topskip=10.0pt
* \footskip=12.0pt
* \marginparwidth=24.0pt
* \marginparsep=11.0pt
* \columnsep=24.0pt
* \skip\footins=7.0pt plus 11.0pt
* \hoffset=0.0pt
* \voffset=0.0pt
* \mag=1000
* \@twocolumnfalse
* \@twosidetrue
* \@mparswitchtrue
* \@reversemarginfalse
* (1in=72.27pt=25.4mm, 1cm=28.453pt)

\c@mv@tabular=\count337
\c@mv@boldtabular=\count338
(C:\Users\thoma\AppData\Local\Programs\MiKTeX\tex/latex/upquote\upquote.sty
Package: upquote 2012/04/19 v1.3 upright-quote and grave-accent glyphs in verba
tim
)
Package caption Info: Begin \AtBeginDocument code.
Package caption Info: float package is loaded.
Package caption Info: listings package is loaded.
Package caption Info: End \AtBeginDocument code.
\c@lstlisting=\count339

Excluding 'CCSXML' comment.
LaTeX Font Info:    Font shape `T1/LinuxLibertineT-TLF/m/n' will be
(Font)              scaled to size 17.28pt on input line 180.
LaTeX Font Info:    Trying to load font information for T1+LinuxBiolinumT-TLF o
n input line 180.

(C:\Users\thoma\AppData\Local\Programs\MiKTeX\tex/latex/libertine\t1linuxbiolin
umt-tlf.fd
File: T1LinuxBiolinumT-TLF.fd 2017/03/20 (autoinst) Font definitions for T1/Lin
uxBiolinumT-TLF.
)
LaTeX Font Info:    Font shape `T1/LinuxBiolinumT-TLF/m/n' will be
(Font)              scaled to size 17.28pt on input line 180.
Package microtype Info: Loading generic protrusion settings for font family
(microtype)             `LinuxBiolinumT-TLF' (encoding: T1).
(microtype)             For optimal results, create family-specific settings.
(microtype)             See the microtype manual for details.
LaTeX Font Info:    Font shape `T1/LinuxBiolinumT-TLF/b/n' will be
(Font)              scaled to size 17.28pt on input line 180.


Class acmart Warning: \vspace should only be used to provide space above/below 
surrounding objects on input line 180.


Class acmart Warning: \vspace should only be used to provide space above/below 
surrounding objects on input line 180.

LaTeX Font Info:    Font shape `T1/LinuxLibertineT-TLF/m/n' will be
(Font)              scaled to size 12.0pt on input line 180.
LaTeX Font Info:    Font shape `T1/LinuxLibertineT-TLF/m/n' will be
(Font)              scaled to size 10.0pt on input line 180.
LaTeX Font Info:    Font shape `OT1/LinuxLibertineT-TLF/m/n' will be
(Font)              scaled to size 10.0pt on input line 180.
Package microtype Info: Loading generic protrusion settings for font family
(microtype)             `LinuxLibertineT-TLF' (encoding: OT1).
(microtype)             For optimal results, create family-specific settings.
(microtype)             See the microtype manual for details.
(C:\Users\thoma\AppData\Local\Programs\MiKTeX\tex/latex/microtype\mt-msa.cfg
File: mt-msa.cfg 2006/02/04 v1.1 microtype config. file: AMS symbols (a) (RS)
)
(C:\Users\thoma\AppData\Local\Programs\MiKTeX\tex/latex/microtype\mt-msb.cfg
File: mt-msb.cfg 2005/06/01 v1.0 microtype config. file: AMS symbols (b) (RS)
)

Class acmart Warning: \vspace should only be used to provide space above/below 
surrounding objects on input line 180.

LaTeX Font Info:    Font shape `T1/LinuxLibertineT-TLF/m/it' will be
(Font)              scaled to size 7.0pt on input line 180.
LaTeX Font Info:    Trying to load font information for TS1+LinuxLibertineT-TLF
 on input line 180.

(C:\Users\thoma\AppData\Local\Programs\MiKTeX\tex/latex/libertine\ts1linuxliber
tinet-tlf.fd
File: TS1LinuxLibertineT-TLF.fd 2017/03/20 (autoinst) Font definitions for TS1/
LinuxLibertineT-TLF.
)
LaTeX Font Info:    Font shape `TS1/LinuxLibertineT-TLF/m/n' will be
(Font)              scaled to size 7.0pt on input line 180.
Package microtype Info: Loading generic protrusion settings for font family
(microtype)             `LinuxLibertineT-TLF' (encoding: TS1).
(microtype)             For optimal results, create family-specific settings.
(microtype)             See the microtype manual for details.
LaTeX Font Info:    Font shape `T1/LinuxLibertineT-TLF/b/n' will be
(Font)              scaled to size 9.0pt on input line 180.
LaTeX Font Info:    Font shape `T1/LinuxLibertineT-TLF/b/n' will be
(Font)              scaled to size 10.95pt on input line 180.
LaTeX Font Info:    Font shape `TS1/LinuxLibertineT-TLF/m/n' will be
(Font)              scaled to size 9.0pt on input line 180.
Package textcomp Info: Symbol \textrightarrow not provided by
(textcomp)             font family LinuxLibertineT-TLF in TS1 encoding.
(textcomp)             Default family used instead on input line 180.

(C:\Users\thoma\AppData\Local\Programs\MiKTeX\tex/latex/microtype\mt-cmr.cfg
File: mt-cmr.cfg 2013/05/19 v2.2 microtype config. file: Computer Modern Roman 
(RS)
)

Class acmart Warning: \vspace should only be used to provide space above/below 
surrounding objects on input line 180.

LaTeX Font Info:    Font shape `T1/LinuxLibertineT-TLF/m/n' will be
(Font)              scaled to size 8.0pt on input line 180.
LaTeX Font Info:    Font shape `T1/LinuxLibertineT-TLF/b/n' will be
(Font)              scaled to size 8.0pt on input line 180.
LaTeX Font Info:    Font shape `T1/LinuxLibertineT-TLF/m/it' will be
(Font)              scaled to size 8.0pt on input line 180.

LaTeX Warning: Reference `TotPages' on page 1 undefined on input line 180.

LaTeX Font Info:    Font shape `OT1/LinuxLibertineT-TLF/m/n' will be
(Font)              scaled to size 8.0pt on input line 180.
LaTeX Font Info:    Font shape `OT1/LinuxLibertineT-TLF/m/n' will be
(Font)              scaled to size 6.2pt on input line 180.

Package hyperref Warning: Token not allowed in a PDF string (Unicode):
(hyperref)                removing `\global' on input line 180.


Package hyperref Warning: Token not allowed in a PDF string (Unicode):
(hyperref)                removing `\advance' on input line 180.


Package hyperref Warning: Token not allowed in a PDF string (Unicode):
(hyperref)                removing `\c@@concepts' on input line 180.


Class acmart Warning: \vspace should only be used to provide space above/below 
surrounding objects on input line 180.

(sections/introduction.tex

Package natbib Warning: Citation `Pressman:2007' on page 1 undefined on input l
ine 1.


Package natbib Warning: Citation `Pressman:2007' on page 1 undefined on input l
ine 1.


Package natbib Warning: Citation `kumar2016impacts' on page 1 undefined on inpu
t line 4.


Package natbib Warning: Citation `manualtesting:2009:Itkonen' on page 1 undefin
ed on input line 4.


Package natbib Warning: Citation `manualtesting:2009:Itkonen' on page 1 undefin
ed on input line 4.


Package natbib Warning: Citation `dalal:mbt:1999' on page 1 undefined on input 
line 6.


Package natbib Warning: Citation `Utting:2006:PMT:1200168' on page 1 undefined 
on input line 6.


Package natbib Warning: Citation `beck2000extremeprogramming' on page 1 undefin
ed on input line 8.


Package natbib Warning: Citation `sutherland2014scrum' on page 1 undefined on i
nput line 8.


Package natbib Warning: Citation `dalton2018mbtagile' on page 1 undefined on in
put line 8.


Package natbib Warning: Citation `de2016full' on page 1 undefined on input line
 10.


Package natbib Warning: Citation `Silva:2018:SIM:3266003.3266009' on page 1 und
efined on input line 12.


Package natbib Warning: Citation `sedano2017waste' on page 1 undefined on input
 line 12.


Package natbib Warning: Citation `Silva:2018:SIM:3266003.3266009' on page 1 und
efined on input line 16.


Underfull \vbox (badness 10000) has occurred while \output is active []

 [1.1{C:/Users/thoma/AppData/Local/MiKTeX/fonts/map/pdftex/pdftex.map}{C:/Users
/thoma/AppData/Local/Programs/MiKTeX/fonts/enc/dvips/libertine/lbtn_25tcsq.enc}
{C:/Users/thoma/AppData/Local/Programs/MiKTeX/fonts/enc/dvips/libertine/lbtn_76
gpa5.enc}

{C:/Users/thoma/AppData/Local/Programs/MiKTeX/fonts/enc/dvips/libertine/lbtn_nh
77jq.enc}{C:/Users/thoma/AppData/Local/Programs/MiKTeX/fonts/enc/dvips/libertin
e/lbtn_naooyc.enc}{C:/Users/thoma/AppData/Local/Programs/MiKTeX/fonts/enc/dvips
/libertine/lbtn_7grukw.enc}]

Package natbib Warning: Citation `cohen2003distance' on page 2 undefined on inp
ut line 19.

LaTeX Font Info:    Font shape `T1/LinuxLibertineT-TLF/m/it' will be
(Font)              scaled to size 9.0pt on input line 23.

LaTeX Warning: Reference `sec:motiv' on page 2 undefined on input line 25.


LaTeX Warning: Reference `sec:background' on page 2 undefined on input line 25.



LaTeX Warning: Reference `sec:es' on page 2 undefined on input line 25.


LaTeX Warning: Reference `sec:case' on page 2 undefined on input line 25.


LaTeX Warning: Reference `sec:threats' on page 2 undefined on input line 25.


LaTeX Warning: Reference `sec:related' on page 2 undefined on input line 25.


LaTeX Warning: Reference `sec:conclud' on page 2 undefined on input line 25.

) (sections/motivExample.tex

Package natbib Warning: Citation `dalton2018mbtagile' on page 2 undefined on in
put line 1.

LaTeX Font Info:    Font shape `T1/LinuxLibertineT-TLF/b/it' will be
(Font)              scaled to size 9.0pt on input line 3.

Class acmart Warning: \vspace should only be used to provide space above/below 
surrounding objects on input line 6.


Class acmart Warning: \vspace should only be used to provide space above/below 
surrounding objects on input line 6.


Class acmart Warning: \vspace should only be used to provide space above/below 
surrounding objects on input line 6.

Package hyperref Info: bookmark level for unknown lstlisting defaults to 0 on i
nput line 6.
LaTeX Font Info:    Font shape `T1/LinuxLibertineT-TLF/m/n' will be
(Font)              scaled to size 6.0pt on input line 6.
LaTeX Font Info:    Trying to load font information for T1+zi4 on input line 6.

(C:\Users\thoma\AppData\Local\Programs\MiKTeX\tex/latex/inconsolata\t1zi4.fd
File: t1zi4.fd 2018/01/14 T1/zi4 (Inconsolata)
)
LaTeX Font Info:    Font shape `T1/zi4/m/n' will be
(Font)              scaled to size 6.0pt on input line 6.
Package microtype Info: Loading generic protrusion settings for font family
(microtype)             `zi4' (encoding: T1).
(microtype)             For optimal results, create family-specific settings.
(microtype)             See the microtype manual for details.
LaTeX Font Info:    Font shape `T1/LinuxLibertineT-TLF/m/n' will be
(Font)              scaled to size 5.0pt on input line 7.
LaTeX Font Info:    Font shape `T1/LinuxLibertineT-TLF/m/it' will be
(Font)              scaled to size 5.0pt on input line 7.
LaTeX Font Info:    Font shape `T1/zi4/b/n' will be
(Font)              scaled to size 6.0pt on input line 7.
LaTeX Font Info:    Font shape `T1/zi4/m/n' will be
(Font)              scaled to size 9.0pt on input line 25.


Class acmart Warning: \vspace should only be used to provide space above/below 
surrounding objects on input line 25.

LaTeX Font Info:    Font shape `OT1/LinuxLibertineT-TLF/m/n' will be
(Font)              scaled to size 9.0pt on input line 27.

Underfull \vbox (badness 10000) has occurred while \output is active []

)
(sections/background.tex

Package natbib Warning: Citation `dalton2017claret' on page 2 undefined on inpu
t line 4.


Package natbib Warning: Citation `dalton2018mbtagile' on page 2 undefined on in
put line 4.


Package natbib Warning: Citation `tretmans2008model' on page 2 undefined on inp
ut line 7.


LaTeX Warning: Reference `fig:alts' on page 2 undefined on input line 7.


Class acmart Warning: \vspace should only be used to provide space above/below 
surrounding objects on input line 9.


Class acmart Warning: \vspace should only be used to provide space above/below 
surrounding objects on input line 9.

<figs/UserLogin.png, id=24, 731.73375pt x 517.935pt>
File: figs/UserLogin.png Graphic file (type png)
<use figs/UserLogin.png>
Package pdftex.def Info: figs/UserLogin.png  used on input line 11.
(pdftex.def)             Requested size: 253.14749pt x 179.18565pt.

Overfull \hbox (12.0pt too wide) in paragraph at lines 11--12
 [][] 
 []


LaTeX Warning: Reference `specExample' on page 2 undefined on input line 12.


LaTeX Warning: Reference `specExample' on page 2 undefined on input line 12.


Class acmart Warning: A possible image without description on input line 14.


LaTeX Warning: `!h' float specifier changed to `!ht'.


Package natbib Warning: Citation `cartaxo2008lts' on page 2 undefined on input 
line 16.

LaTeX Font Info:    Font shape `T1/LinuxLibertineT-TLF/m/n' will be
(Font)              scaled to size 7.3pt on input line 16.
LaTeX Font Info:    Font shape `T1/LinuxLibertineT-TLF/m/n' will be
(Font)              scaled to size 5.5pt on input line 16.

LaTeX Warning: Reference `sec:motiv' on page 2 undefined on input line 18.


Package natbib Warning: Citation `coutinho2016analysis' on page 2 undefined on 
input line 22.


Package natbib Warning: Citation `runkler2000automatic' on page 2 undefined on 
input line 22.


Package natbib Warning: Citation `okuda1976method' on page 2 undefined on input
 line 22.


Package natbib Warning: Citation `lubis2018combination' on page 2 undefined on 
input line 22.


Package natbib Warning: Citation `hamming1950error' on page 2 undefined on inpu
t line 22.


Package natbib Warning: Citation `han2007efficient:LCS' on page 2 undefined on 
input line 22.


Package natbib Warning: Citation `huang2008similaritycosine' on page 2 undefine
d on input line 22.


Package natbib Warning: Citation `de1mahalanobis:jaro' on page 2 undefined on i
nput line 22.


Package natbib Warning: Citation `Levenshtein_SPD66' on page 2 undefined on inp
ut line 22.


Package natbib Warning: Citation `Levenshtein_SPD66' on page 2 undefined on inp
ut line 22.


Package natbib Warning: Citation `kruskal1983overview' on page 2 undefined on i
nput line 22.

LaTeX Font Info:    Font shape `T1/LinuxBiolinumT-TLF/m/n' will be
(Font)              scaled to size 9.0pt on input line 23.
[2.2{C:/Users/thoma/AppData/Local/Programs/MiKTeX/fonts/enc/dvips/libertine/lbt
n_ki75ao.enc}{C:/Users/thoma/AppData/Local/Programs/MiKTeX/fonts/enc/dvips/inco
nsolata/i4-t1-4.enc}]) (sections/empStudy.tex

Package natbib Warning: Citation `dalton2017claret' on page 3 undefined on inpu
t line 7.


Package natbib Warning: Citation `cartaxo2008lts' on page 3 undefined on input 
line 7.


Package natbib Warning: Citation `hamming1950error' on page 3 undefined on inpu
t line 11.


Package natbib Warning: Citation `han2007efficient:LCS' on page 3 undefined on 
input line 11.


Package natbib Warning: Citation `huang2008similaritycosine' on page 3 undefine
d on input line 11.


Package natbib Warning: Citation `de1mahalanobis:jaro' on page 3 undefined on i
nput line 11.


Package natbib Warning: Citation `de1mahalanobis:jaro' on page 3 undefined on i
nput line 11.


Package natbib Warning: Citation `Lu2013SimilaridadeJaccard' on page 3 undefine
d on input line 11.


Package natbib Warning: Citation `Kondrak2005ngram' on page 3 undefined on inpu
t line 11.


Package natbib Warning: Citation `Levenshtein_SPD66' on page 3 undefined on inp
ut line 11.


Package natbib Warning: Citation `Damerau:1964' on page 3 undefined on input li
ne 11.


Package natbib Warning: Citation `sorensen1948method' on page 3 undefined on in
put line 11.


LaTeX Warning: Reference `tab:useCases' on page 3 undefined on input line 25.


LaTeX Warning: No positions in optional float specifier.
               Default added (so using `tbp') on input line 27.


Class acmart Warning: \vspace should only be used to provide space above/below 
surrounding objects on input line 27.


Class acmart Warning: \vspace should only be used to provide space above/below 
surrounding objects on input line 27.


LaTeX Warning: Reference `tab:class' on page 3 undefined on input line 40.

[3.3{C:/Users/thoma/AppData/Local/Programs/MiKTeX/fonts/enc/dvips/libertine/lbt
n_oexx6f.enc} <./figs/UserLogin.png (PNG copy)>]

LaTeX Warning: No positions in optional float specifier.
               Default added (so using `tbp') on input line 42.


Class acmart Warning: \vspace should only be used to provide space above/below 
surrounding objects on input line 42.


Class acmart Warning: \vspace should only be used to provide space above/below 
surrounding objects on input line 42.


LaTeX Warning: Reference `fig:overview' on page 4 undefined on input line 55.


Class acmart Warning: \vspace should only be used to provide space above/below 
surrounding objects on input line 57.


Class acmart Warning: \vspace should only be used to provide space above/below 
surrounding objects on input line 57.

<figs/overview.jpg, id=79, 722.7pt x 406.51875pt>
File: figs/overview.jpg Graphic file (type jpg)
<use figs/overview.jpg>
Package pdftex.def Info: figs/overview.jpg  used on input line 59.
(pdftex.def)             Requested size: 238.49173pt x 166.22095pt.

Class acmart Warning: A possible image without description on input line 62.


Package natbib Warning: Citation `nagappan2008influence' on page 4 undefined on
 input line 66.


Package natbib Warning: Citation `hayes2005text' on page 4 undefined on input l
ine 66.


Package natbib Warning: Citation `elish2008predicting' on page 4 undefined on i
nput line 66.


LaTeX Warning: Reference `eq:precision' on page 4 undefined on input line 66.


LaTeX Warning: Reference `eq:recall' on page 4 undefined on input line 66.


LaTeX Warning: Reference `eq:acc' on page 4 undefined on input line 66.


Class acmart Warning: \vspace should only be used to provide space above/below 
surrounding objects on input line 87.


Class acmart Warning: \vspace should only be used to provide space above/below 
surrounding objects on input line 92.


Underfull \hbox (badness 10000) in paragraph at lines 83--93

 []


Overfull \hbox (1.15729pt too wide) in paragraph at lines 83--93
 []
 []


Class acmart Warning: \vspace should only be used to provide space above/below 
surrounding objects on input line 104.


Class acmart Warning: \vspace should only be used to provide space above/below 
surrounding objects on input line 104.

<figs/Boxplot_SAFF_BZT_LOW2.png, id=80, 329.73187pt x 213.79875pt>
File: figs/Boxplot_SAFF_BZT_LOW2.png Graphic file (type png)
<use figs/Boxplot_SAFF_BZT_LOW2.png>
Package pdftex.def Info: figs/Boxplot_SAFF_BZT_LOW2.png  used on input line 106
.
(pdftex.def)             Requested size: 238.49854pt x 166.2208pt.

Class acmart Warning: A possible image without description on input line 109.


Class acmart Warning: \vspace should only be used to provide space above/below 
surrounding objects on input line 111.


Class acmart Warning: \vspace should only be used to provide space above/below 
surrounding objects on input line 111.

<figs/Boxplot_SAFF_BZT_HIGH2.png, id=81, 325.96782pt x 213.79875pt>
File: figs/Boxplot_SAFF_BZT_HIGH2.png Graphic file (type png)
<use figs/Boxplot_SAFF_BZT_HIGH2.png>
Package pdftex.def Info: figs/Boxplot_SAFF_BZT_HIGH2.png  used on input line 11
3.
(pdftex.def)             Requested size: 238.49667pt x 166.2208pt.

Class acmart Warning: A possible image without description on input line 116.


LaTeX Warning: `h' float specifier changed to `ht'.

[4.4 <./figs/overview.jpg> <./figs/Boxplot_SAFF_BZT_LOW2.png>]

LaTeX Warning: Reference `fig:best_jaccard' on page 5 undefined on input line 1
21.


LaTeX Warning: Reference `fig:all' on page 5 undefined on input line 121.


Class acmart Warning: \vspace should only be used to provide space above/below 
surrounding objects on input line 124.


Class acmart Warning: \vspace should only be used to provide space above/below 
surrounding objects on input line 124.

<figs/best_Jaccard.png, id=95, 345.29pt x 365.365pt>
File: figs/best_Jaccard.png Graphic file (type png)
<use figs/best_Jaccard.png>
Package pdftex.def Info: figs/best_Jaccard.png  used on input line 126.
(pdftex.def)             Requested size: 253.14749pt x 267.86826pt.

Overfull \hbox (12.0pt too wide) in paragraph at lines 126--127
 [][] 
 []


Class acmart Warning: A possible image without description on input line 129.


LaTeX Warning: `!h' float specifier changed to `!ht'.


Class acmart Warning: \vspace should only be used to provide space above/below 
surrounding objects on input line 132.


Class acmart Warning: \vspace should only be used to provide space above/below 
surrounding objects on input line 132.

<figs/all.png, id=97, 1027.84pt x 1067.99pt>
File: figs/all.png Graphic file (type png)
<use figs/all.png>
Package pdftex.def Info: figs/all.png  used on input line 134.
(pdftex.def)             Requested size: 506.295pt x 526.07375pt.

Class acmart Warning: A possible image without description on input line 137.


LaTeX Warning: `!h' float specifier changed to `!ht'.


LaTeX Warning: Reference `tab:bestval' on page 5 undefined on input line 140.


! LaTeX Error: There's no line here to end.

See the LaTeX manual or LaTeX Companion for explanation.
Type  H <return>  for immediate help.
 ...                                              
                                                  
l.143 \\
        
Your command was ignored.
Type  I <command> <return>  to replace it with another command,
or  <return>  to continue without it.


! LaTeX Error: There's no line here to end.

See the LaTeX manual or LaTeX Companion for explanation.
Type  H <return>  for immediate help.
 ...                                              
                                                  
l.144 \noindent
               
Your command was ignored.
Type  I <command> <return>  to replace it with another command,
or  <return>  to continue without it.


Class acmart Warning: \vspace should only be used to provide space above/below 
surrounding objects on input line 145.


Overfull \hbox (1.1528pt too wide) in paragraph at lines 144--150
 [] 
 []


Class acmart Warning: \vspace should only be used to provide space above/below 
surrounding objects on input line 151.


Class acmart Warning: \vspace should only be used to provide space above/below 
surrounding objects on input line 151.


Overfull \hbox (6.96918pt too wide) in paragraph at lines 153--167
 [][] 
 []


LaTeX Warning: `h' float specifier changed to `ht'.

) (sections/evaluation.tex
Underfull \vbox (badness 10000) has occurred while \output is active []



LaTeX Warning: Reference `sec:procedure' on page 5 undefined on input line 3.


LaTeX Warning: Reference `tab:useCasesEvaluation' on page 5 undefined on input 
line 3.


LaTeX Warning: Reference `tab:bestval' on page 5 undefined on input line 3.


LaTeX Warning: Reference `tab:bestvalEvaluation' on page 5 undefined on input l
ine 3.

[5.5 <./figs/Boxplot_SAFF_BZT_HIGH2.png> <./figs/best_Jaccard.png>]
Underfull \vbox (badness 10000) has occurred while \output is active []



LaTeX Warning: No positions in optional float specifier.
               Default added (so using `tbp') on input line 5.


Class acmart Warning: \vspace should only be used to provide space above/below 
surrounding objects on input line 5.


Class acmart Warning: \vspace should only be used to provide space above/below 
surrounding objects on input line 5.


Class acmart Warning: \vspace should only be used to provide space above/below 
surrounding objects on input line 18.


Class acmart Warning: \vspace should only be used to provide space above/below 
surrounding objects on input line 18.


Overfull \hbox (6.96918pt too wide) in paragraph at lines 20--34
 [][] 
 []


LaTeX Warning: `h' float specifier changed to `ht'.


Underfull \vbox (badness 10000) has occurred while \output is active []

 [6.6 <./figs/all.png>]

LaTeX Warning: Reference `sec:res' on page 7 undefined on input line 45.


Package natbib Warning: Citation `de2016full' on page 7 undefined on input line
 45.


Package natbib Warning: Citation `Silva:2018:SIM:3266003.3266009' on page 7 und
efined on input line 47.


LaTeX Warning: Reference `tab:li_tc' on page 7 undefined on input line 50.


LaTeX Warning: No positions in optional float specifier.
               Default added (so using `tbp') on input line 52.


Class acmart Warning: \vspace should only be used to provide space above/below 
surrounding objects on input line 52.


Class acmart Warning: \vspace should only be used to provide space above/below 
surrounding objects on input line 52.


LaTeX Warning: Reference `tab:hi_tc' on page 7 undefined on input line 65.


LaTeX Warning: Reference `tab:hi_mx' on page 7 undefined on input line 65.


LaTeX Warning: Reference `tab:hi_tc' on page 7 undefined on input line 65.


LaTeX Warning: Reference `tab:hi_mx' on page 7 undefined on input line 65.


LaTeX Warning: No positions in optional float specifier.
               Default added (so using `tbp') on input line 67.


Class acmart Warning: \vspace should only be used to provide space above/below 
surrounding objects on input line 67.


Class acmart Warning: \vspace should only be used to provide space above/below 
surrounding objects on input line 67.


LaTeX Warning: No positions in optional float specifier.
               Default added (so using `tbp') on input line 77.


Class acmart Warning: \vspace should only be used to provide space above/below 
surrounding objects on input line 77.


Class acmart Warning: \vspace should only be used to provide space above/below 
surrounding objects on input line 77.


LaTeX Warning: Reference `tab:conf_mat' on page 7 undefined on input line 87.


LaTeX Warning: Reference `sec:es' on page 7 undefined on input line 87.


LaTeX Warning: Reference `sec:es' on page 7 undefined on input line 87.

[7.7]

LaTeX Warning: No positions in optional float specifier.
               Default added (so using `tbp') on input line 89.


Class acmart Warning: \vspace should only be used to provide space above/below 
surrounding objects on input line 89.


Class acmart Warning: \vspace should only be used to provide space above/below 
surrounding objects on input line 89.


Class acmart Warning: \vspace should only be used to provide space above/below 
surrounding objects on input line 109.


Underfull \hbox (badness 10000) in paragraph at lines 105--114

 []


Overfull \hbox (1.15729pt too wide) in paragraph at lines 105--114
 [] 
 []

) (sections/threats.tex) (sections/relatedWork.tex

! LaTeX Error: Unicode character  (U+0308)
               not set up for use with LaTeX.

See the LaTeX manual or LaTeX Companion for explanation.
Type  H <return>  for immediate help.
 ...                                              
                                                  
l.1 Gu
        ldali and Mlynarski \cite{katara2006making} discuss how MBT can supp...

You may provide a definition with
\DeclareUnicodeCharacter 


Package natbib Warning: Citation `katara2006making' on page 8 undefined on inpu
t line 1.


Package natbib Warning: Citation `Silva:2018:SIM:3266003.3266009' on page 8 und
efined on input line 3.


Package natbib Warning: Citation `de2016full' on page 8 undefined on input line
 5.


Package natbib Warning: Citation `de2016full' on page 8 undefined on input line
 7.


Package natbib Warning: Citation `nogueira2007model' on page 8 undefined on inp
ut line 7.


Package natbib Warning: Citation `pinto2012understanding' on page 8 undefined o
n input line 7.


Package natbib Warning: Citation `mirzaaghaei2011automatic' on page 8 undefined
 on input line 9.


Package natbib Warning: Citation `pinto2012understanding' on page 8 undefined o
n input line 9.


Package natbib Warning: Citation `runkler2000automatic' on page 8 undefined on 
input line 12.


Package natbib Warning: Citation `okuda1976method' on page 8 undefined on input
 line 12.


Package natbib Warning: Citation `lubis2018combination' on page 8 undefined on 
input line 12.


Package natbib Warning: Citation `runkler2000automatic' on page 8 undefined on 
input line 12.


Package natbib Warning: Citation `coutinho2016analysis' on page 8 undefined on 
input line 12.

[8.8]) (sections/conclusion.tex) Processing 'acks' comment.
\openout3 = `comment.cut'.


Comment 'acks' writing to comment.cut. Straight input of comment.cut.
(comment.cut)
No file main.bbl.

Package natbib Warning: There were undefined citations.


Class acmart Warning: Some images may lack descriptions.

[9.9] (main.aux)
 ***********
LaTeX2e <2023-11-01> patch level 1
L3 programming layer <2024-01-04>
 ***********


LaTeX Warning: There were undefined references.


LaTeX Warning: Label(s) may have changed. Rerun to get cross-references right.


Package rerunfilecheck Warning: File `main.out' has changed.
(rerunfilecheck)                Rerun to get outlines right
(rerunfilecheck)                or use package `bookmark'.

Package rerunfilecheck Info: Checksums for `main.out':
(rerunfilecheck)             Before: <no file>
(rerunfilecheck)             After:  6CAD6AB5C97CB72767E403AA2F1EF25D;2499.
 ) 
Here is how much of TeX's memory you used:
 24014 strings out of 474486
 398944 string characters out of 5743756
 2110542 words of memory out of 5000000
 45165 multiletter control sequences out of 15000+600000
 741042 words of font info for 404 fonts, out of 8000000 for 9000
 1302 hyphenation exceptions out of 8191
 90i,14n,131p,1313b,1361s stack positions out of 10000i,1000n,20000p,200000b,200000s
 <C:\Users\thoma\AppData\Local\MiKTeX\fonts/pk/ljfour/jknappen/ec/dpi600\tcrm
0900.pk><C:/Users/thoma/AppData/Local/Programs/MiKTeX/fonts/type1/public/incons
olata/Inconsolata-zi4b.pfb><C:/Users/thoma/AppData/Local/Programs/MiKTeX/fonts/
type1/public/inconsolata/Inconsolata-zi4r.pfb><C:/Users/thoma/AppData/Local/Pro
grams/MiKTeX/fonts/type1/public/newtx/LibertineMathMI.pfb><C:/Users/thoma/AppDa
ta/Local/Programs/MiKTeX/fonts/type1/public/newtx/LibertineMathMI7.pfb><C:/User
s/thoma/AppData/Local/Programs/MiKTeX/fonts/type1/public/libertine/LinBiolinumT
.pfb><C:/Users/thoma/AppData/Local/Programs/MiKTeX/fonts/type1/public/libertine
/LinBiolinumTB.pfb><C:/Users/thoma/AppData/Local/Programs/MiKTeX/fonts/type1/pu
blic/libertine/LinLibertineT.pfb><C:/Users/thoma/AppData/Local/Programs/MiKTeX/
fonts/type1/public/libertine/LinLibertineTB.pfb><C:/Users/thoma/AppData/Local/P
rograms/MiKTeX/fonts/type1/public/libertine/LinLibertineTBI.pfb><C:/Users/thoma
/AppData/Local/Programs/MiKTeX/fonts/type1/public/libertine/LinLibertineTI.pfb>
<C:/Users/thoma/AppData/Local/Programs/MiKTeX/fonts/type1/public/newtx/txexs.pf
b><C:/Users/thoma/AppData/Local/Programs/MiKTeX/fonts/type1/public/newtx/txmiaX
.pfb><C:/Users/thoma/AppData/Local/Programs/MiKTeX/fonts/type1/public/newtx/txs
ys.pfb>
Output written on main.pdf (9 pages, 680391 bytes).
PDF statistics:
 226 PDF objects out of 1000 (max. 8388607)
 73 named destinations out of 1000 (max. 500000)
 102955 words of extra memory for PDF output out of 106986 (max. 10000000)

